[2020-04-28 21:56:17] app.ERROR: Data from PrestaShop Addons is invalid, and cannot fallback on cache.  {"exception":"cURL error 28: Operation timed out after 5000 milliseconds with 13694 bytes received"} []
[2020-04-28 21:56:22] app.INFO: Protect vendor folder in module contactform [] []
[2020-04-28 21:56:22] app.INFO: Module contactform has no vendor folder [] []
[2020-04-28 21:56:25] app.INFO: Protect vendor folder in module dashactivity [] []
[2020-04-28 21:56:25] app.INFO: Module dashactivity has no vendor folder [] []
[2020-04-28 21:56:26] app.INFO: Protect vendor folder in module dashtrends [] []
[2020-04-28 21:56:27] app.INFO: Module dashtrends has no vendor folder [] []
[2020-04-28 21:56:32] app.INFO: Protect vendor folder in module dashgoals [] []
[2020-04-28 21:56:32] app.INFO: Module dashgoals has no vendor folder [] []
[2020-04-28 21:56:34] app.INFO: Protect vendor folder in module dashproducts [] []
[2020-04-28 21:56:34] app.INFO: Module dashproducts has no vendor folder [] []
[2020-04-28 21:56:35] app.INFO: Protect vendor folder in module graphnvd3 [] []
[2020-04-28 21:56:36] app.INFO: Module graphnvd3 has no vendor folder [] []
[2020-04-28 21:56:36] app.INFO: Protect vendor folder in module gridhtml [] []
[2020-04-28 21:56:37] app.INFO: Module gridhtml has no vendor folder [] []
[2020-04-28 21:56:39] app.INFO: Protect vendor folder in module gsitemap [] []
[2020-04-28 21:56:39] app.INFO: Module gsitemap has no vendor folder [] []
[2020-04-28 21:56:42] app.INFO: Protect vendor folder in module ps_banner [] []
[2020-04-28 21:56:43] app.INFO: Module ps_banner has no vendor folder [] []
[2020-04-28 21:56:44] app.INFO: Protect vendor folder in module ps_categorytree [] []
[2020-04-28 21:56:44] app.INFO: Module ps_categorytree has no vendor folder [] []
[2020-04-28 21:56:47] app.INFO: Protect vendor folder in module ps_checkpayment [] []
[2020-04-28 21:56:47] app.INFO: Module ps_checkpayment has no vendor folder [] []
[2020-04-28 21:56:50] app.INFO: Protect vendor folder in module ps_contactinfo [] []
[2020-04-28 21:56:50] app.INFO: Module ps_contactinfo has no vendor folder [] []
[2020-04-28 21:56:52] app.INFO: Protect vendor folder in module ps_currencyselector [] []
[2020-04-28 21:56:52] app.INFO: Module ps_currencyselector has no vendor folder [] []
[2020-04-28 21:56:53] app.INFO: Protect vendor folder in module ps_customeraccountlinks [] []
[2020-04-28 21:56:53] app.INFO: Module ps_customeraccountlinks has no vendor folder [] []
[2020-04-28 21:56:54] app.INFO: Protect vendor folder in module ps_customersignin [] []
[2020-04-28 21:56:54] app.INFO: Module ps_customersignin has no vendor folder [] []
[2020-04-28 21:56:59] app.INFO: Protect vendor folder in module ps_customtext [] []
[2020-04-28 21:57:00] app.INFO: Module ps_customtext has no vendor folder [] []
[2020-04-28 21:57:04] app.INFO: Protect vendor folder in module ps_emailsubscription [] []
[2020-04-28 21:57:04] app.INFO: Module ps_emailsubscription has no vendor folder [] []
[2020-04-28 21:57:18] app.INFO: Protect vendor folder in module ps_facetedsearch [] []
[2020-04-28 21:57:18] app.INFO: Module ps_facetedsearch has no vendor folder [] []
[2020-04-28 21:57:23] app.INFO: Protect vendor folder in module ps_faviconnotificationbo [] []
[2020-04-28 21:57:23] app.INFO: Module ps_faviconnotificationbo has no vendor folder [] []
[2020-04-28 21:57:25] app.INFO: Protect vendor folder in module ps_featuredproducts [] []
[2020-04-28 21:57:25] app.INFO: Module ps_featuredproducts has no vendor folder [] []
[2020-04-28 21:57:30] app.INFO: Protect vendor folder in module ps_imageslider [] []
[2020-04-28 21:57:30] app.INFO: Module ps_imageslider has no vendor folder [] []
[2020-04-28 21:57:31] app.INFO: Protect vendor folder in module ps_languageselector [] []
[2020-04-28 21:57:31] app.INFO: Module ps_languageselector has no vendor folder [] []
[2020-04-28 21:57:35] app.INFO: Protect vendor folder in module ps_linklist [] []
[2020-04-28 21:57:35] app.INFO: Module ps_linklist has no vendor folder [] []
[2020-04-28 21:57:35] app.ERROR: Class "AdminLinkWidgetController" not found in controllers/admin [] []
[2020-04-28 21:57:41] app.INFO: Protect vendor folder in module ps_mainmenu [] []
[2020-04-28 21:57:41] app.INFO: Module ps_mainmenu has no vendor folder [] []
[2020-04-28 21:57:44] app.INFO: Protect vendor folder in module ps_searchbar [] []
[2020-04-28 21:57:44] app.INFO: Module ps_searchbar has no vendor folder [] []
[2020-04-28 21:57:45] app.INFO: Protect vendor folder in module ps_sharebuttons [] []
[2020-04-28 21:57:45] app.INFO: Module ps_sharebuttons has no vendor folder [] []
[2020-04-28 21:57:46] app.INFO: Protect vendor folder in module ps_shoppingcart [] []
[2020-04-28 21:57:46] app.INFO: Module ps_shoppingcart has no vendor folder [] []
[2020-04-28 21:57:48] app.INFO: Protect vendor folder in module ps_socialfollow [] []
[2020-04-28 21:57:48] app.INFO: Module ps_socialfollow has no vendor folder [] []
[2020-04-28 21:57:52] app.INFO: Protect vendor folder in module ps_themecusto [] []
[2020-04-28 21:57:52] app.INFO: Module ps_themecusto has no vendor folder [] []
[2020-04-28 21:57:56] app.INFO: Protect vendor folder in module ps_wirepayment [] []
[2020-04-28 21:57:56] app.INFO: Module ps_wirepayment has no vendor folder [] []
[2020-04-28 21:57:58] app.INFO: Protect vendor folder in module pagesnotfound [] []
[2020-04-28 21:57:58] app.INFO: Module pagesnotfound has no vendor folder [] []
[2020-04-28 21:58:00] app.INFO: Protect vendor folder in module sekeywords [] []
[2020-04-28 21:58:01] app.INFO: Module sekeywords has no vendor folder [] []
[2020-04-28 21:58:02] app.INFO: Protect vendor folder in module statsbestcategories [] []
[2020-04-28 21:58:02] app.INFO: Module statsbestcategories has no vendor folder [] []
[2020-04-28 21:58:03] app.INFO: Protect vendor folder in module statsbestcustomers [] []
[2020-04-28 21:58:03] app.INFO: Module statsbestcustomers has no vendor folder [] []
[2020-04-28 21:58:04] app.INFO: Protect vendor folder in module statsbestproducts [] []
[2020-04-28 21:58:04] app.INFO: Module statsbestproducts has no vendor folder [] []
[2020-04-28 21:58:05] app.INFO: Protect vendor folder in module statsbestsuppliers [] []
[2020-04-28 21:58:06] app.INFO: Module statsbestsuppliers has no vendor folder [] []
[2020-04-28 21:58:07] app.INFO: Protect vendor folder in module statsbestvouchers [] []
[2020-04-28 21:58:07] app.INFO: Module statsbestvouchers has no vendor folder [] []
[2020-04-28 21:58:08] app.INFO: Protect vendor folder in module statscarrier [] []
[2020-04-28 21:58:08] app.INFO: Module statscarrier has no vendor folder [] []
[2020-04-28 21:58:09] app.INFO: Protect vendor folder in module statscatalog [] []
[2020-04-28 21:58:09] app.INFO: Module statscatalog has no vendor folder [] []
[2020-04-28 21:58:10] app.INFO: Protect vendor folder in module statscheckup [] []
[2020-04-28 21:58:10] app.INFO: Module statscheckup has no vendor folder [] []
[2020-04-28 21:58:12] app.INFO: Protect vendor folder in module statsdata [] []
[2020-04-28 21:58:12] app.INFO: Module statsdata has no vendor folder [] []
[2020-04-28 21:58:13] app.INFO: Protect vendor folder in module statsequipment [] []
[2020-04-28 21:58:13] app.INFO: Module statsequipment has no vendor folder [] []
[2020-04-28 21:58:14] app.INFO: Protect vendor folder in module statsforecast [] []
[2020-04-28 21:58:14] app.INFO: Module statsforecast has no vendor folder [] []
[2020-04-28 21:58:15] app.INFO: Protect vendor folder in module statslive [] []
[2020-04-28 21:58:15] app.INFO: Module statslive has no vendor folder [] []
[2020-04-28 21:58:17] app.INFO: Protect vendor folder in module statsnewsletter [] []
[2020-04-28 21:58:17] app.INFO: Module statsnewsletter has no vendor folder [] []
[2020-04-28 21:58:18] app.INFO: Protect vendor folder in module statsorigin [] []
[2020-04-28 21:58:18] app.INFO: Module statsorigin has no vendor folder [] []
[2020-04-28 21:58:20] app.INFO: Protect vendor folder in module statspersonalinfos [] []
[2020-04-28 21:58:20] app.INFO: Module statspersonalinfos has no vendor folder [] []
[2020-04-28 21:58:21] app.INFO: Protect vendor folder in module statsproduct [] []
[2020-04-28 21:58:21] app.INFO: Module statsproduct has no vendor folder [] []
[2020-04-28 21:58:22] app.INFO: Protect vendor folder in module statsregistrations [] []
[2020-04-28 21:58:22] app.INFO: Module statsregistrations has no vendor folder [] []
[2020-04-28 21:58:23] app.INFO: Protect vendor folder in module statssales [] []
[2020-04-28 21:58:23] app.INFO: Module statssales has no vendor folder [] []
[2020-04-28 21:58:25] app.INFO: Protect vendor folder in module statssearch [] []
[2020-04-28 21:58:25] app.INFO: Module statssearch has no vendor folder [] []
[2020-04-28 21:58:26] app.INFO: Protect vendor folder in module statsstock [] []
[2020-04-28 21:58:26] app.INFO: Module statsstock has no vendor folder [] []
[2020-04-28 21:58:27] app.INFO: Protect vendor folder in module statsvisits [] []
[2020-04-28 21:58:27] app.INFO: Module statsvisits has no vendor folder [] []
[2020-04-28 21:58:30] app.INFO: Protect vendor folder in module welcome [] []
[2020-04-28 22:00:04] app.ERROR: Data from PrestaShop Addons is invalid, and cannot fallback on cache.  {"exception":"cURL error 28: Operation timed out after 5002 milliseconds with 0 out of 0 bytes received"} []
[2020-04-28 22:00:08] app.INFO: Protect vendor folder in module blockreassurance [] []
[2020-04-28 22:00:08] app.INFO: Module blockreassurance has no vendor folder [] []
[2020-04-28 23:55:11] request.CRITICAL: Uncaught PHP Exception Symfony\Component\Debug\Exception\FatalErrorException: "Error: Maximum execution time of 120 seconds exceeded" at C:\xampp\htdocs\tienda\vendor\symfony\symfony\src\Symfony\Component\Routing\Exception\ExceptionInterface.php line 22 {"exception":"[object] (Symfony\\Component\\Debug\\Exception\\FatalErrorException(code: 0): Error: Maximum execution time of 120 seconds exceeded at C:\\xampp\\htdocs\\tienda\\vendor\\symfony\\symfony\\src\\Symfony\\Component\\Routing\\Exception\\ExceptionInterface.php:22)"} []
[2020-04-28 23:58:57] request.INFO: Matched route "admin_product_form". {"route":"admin_product_form","route_parameters":{"_controller":"PrestaShopBundle\\Controller\\Admin\\ProductController::formAction","_legacy_controller":"AdminProducts","_legacy_param_mapper_class":"PrestaShop\\PrestaShop\\Adapter\\Product\\AdminProductDataProvider","_legacy_param_mapper_method":"mapLegacyParametersProductForm","id":"20","_route":"admin_product_form"},"request_uri":"http://localhost/tienda/admin321jkbfut/index.php/sell/catalog/products/20?_token=cey1EDlancYWX7PMCq_zP4Q_j4bTEijRXK7zX6VajEQ","method":"GET"} []
[2020-04-28 23:59:27] security.DEBUG: Read existing security token from the session. {"key":"_security_main","token_class":"Symfony\\Component\\Security\\Core\\Authentication\\Token\\UsernamePasswordToken"} []
[2020-04-28 23:59:28] security.DEBUG: User was reloaded from a user provider. {"provider":"PrestaShopBundle\\Security\\Admin\\EmployeeProvider","username":"oscar.pech@cbtis72.edu.mx"} []
[2020-04-29 00:00:53] request.CRITICAL: Uncaught PHP Exception Symfony\Component\Debug\Exception\FatalErrorException: "Error: Maximum execution time of 120 seconds exceeded" at C:\xampp\htdocs\tienda\vendor\smarty\smarty\libs\sysplugins\smarty_internal_runtime_writefile.php line 58 {"exception":"[object] (Symfony\\Component\\Debug\\Exception\\FatalErrorException(code: 0): Error: Maximum execution time of 120 seconds exceeded at C:\\xampp\\htdocs\\tienda\\vendor\\smarty\\smarty\\libs\\sysplugins\\smarty_internal_runtime_writefile.php:58)"} []
[2020-04-29 00:00:55] security.DEBUG: Stored the security token in the session. {"key":"_security_main"} []
[2020-04-29 00:00:55] request.CRITICAL: Uncaught PHP Exception Symfony\Component\Debug\Exception\FatalErrorException: "Error: Maximum execution time of 120 seconds exceeded" at C:\xampp\htdocs\tienda\vendor\symfony\symfony\src\Symfony\Component\HttpFoundation\Session\Storage\Handler\StrictSessionHandler.php line 48 {"exception":"[object] (Symfony\\Component\\Debug\\Exception\\FatalErrorException(code: 0): Error: Maximum execution time of 120 seconds exceeded at C:\\xampp\\htdocs\\tienda\\vendor\\symfony\\symfony\\src\\Symfony\\Component\\HttpFoundation\\Session\\Storage\\Handler\\StrictSessionHandler.php:48)"} []
[2020-05-02 14:55:40] request.INFO: Matched route "admin_product_form". {"route":"admin_product_form","route_parameters":{"_controller":"PrestaShopBundle\\Controller\\Admin\\ProductController::formAction","_legacy_controller":"AdminProducts","_legacy_param_mapper_class":"PrestaShop\\PrestaShop\\Adapter\\Product\\AdminProductDataProvider","_legacy_param_mapper_method":"mapLegacyParametersProductForm","id":"0","_route":"admin_product_form"},"request_uri":"http://localhost/tienda/admin321jkbfut/index.php/sell/catalog/products/0?_token=WtucT_89cSkCOj-urIoU9quG2z5mGop9hrilYJh0ZoA","method":"GET"} []
[2020-05-02 14:55:40] security.DEBUG: Read existing security token from the session. {"key":"_security_main","token_class":"Symfony\\Component\\Security\\Core\\Authentication\\Token\\UsernamePasswordToken"} []
[2020-05-02 14:55:40] security.DEBUG: User was reloaded from a user provider. {"provider":"PrestaShopBundle\\Security\\Admin\\EmployeeProvider","username":"oscar.pech@cbtis72.edu.mx"} []
[2020-05-02 14:55:41] request.CRITICAL: Uncaught PHP Exception LogicException: "You need to provide a product id" at C:\xampp\htdocs\tienda\src\Adapter\Product\ProductDataProvider.php line 71 {"exception":"[object] (LogicException(code: 5002): You need to provide a product id at C:\\xampp\\htdocs\\tienda\\src\\Adapter\\Product\\ProductDataProvider.php:71)"} []
[2020-05-02 14:55:41] security.DEBUG: Stored the security token in the session. {"key":"_security_main"} []
[2020-05-02 14:55:44] request.INFO: Matched route "admin_product_form". {"route":"admin_product_form","route_parameters":{"_controller":"PrestaShopBundle\\Controller\\Admin\\ProductController::formAction","_legacy_controller":"AdminProducts","_legacy_param_mapper_class":"PrestaShop\\PrestaShop\\Adapter\\Product\\AdminProductDataProvider","_legacy_param_mapper_method":"mapLegacyParametersProductForm","id":"0","_route":"admin_product_form"},"request_uri":"http://localhost/tienda/admin321jkbfut/index.php/sell/catalog/products/0?_token=WtucT_89cSkCOj-urIoU9quG2z5mGop9hrilYJh0ZoA","method":"GET"} []
[2020-05-02 14:55:44] security.DEBUG: Read existing security token from the session. {"key":"_security_main","token_class":"Symfony\\Component\\Security\\Core\\Authentication\\Token\\UsernamePasswordToken"} []
[2020-05-02 14:55:44] security.DEBUG: User was reloaded from a user provider. {"provider":"PrestaShopBundle\\Security\\Admin\\EmployeeProvider","username":"oscar.pech@cbtis72.edu.mx"} []
[2020-05-02 14:55:45] request.CRITICAL: Uncaught PHP Exception LogicException: "You need to provide a product id" at C:\xampp\htdocs\tienda\src\Adapter\Product\ProductDataProvider.php line 71 {"exception":"[object] (LogicException(code: 5002): You need to provide a product id at C:\\xampp\\htdocs\\tienda\\src\\Adapter\\Product\\ProductDataProvider.php:71)"} []
[2020-05-02 14:55:45] security.DEBUG: Stored the security token in the session. {"key":"_security_main"} []
[2020-05-02 15:04:01] request.INFO: Matched route "admin_profiles_index". {"route":"admin_profiles_index","route_parameters":{"_controller":"PrestaShopBundle\\Controller\\Admin\\Configure\\AdvancedParameters\\ProfileController::indexAction","_legacy_controller":"AdminProfiles","_legacy_link":"AdminProfiles","_route":"admin_profiles_index"},"request_uri":"http://localhost/tienda/admin321jkbfut/index.php/configure/advanced/profiles/?_token=WtucT_89cSkCOj-urIoU9quG2z5mGop9hrilYJh0ZoA","method":"GET"} []
[2020-05-02 15:04:02] security.DEBUG: Read existing security token from the session. {"key":"_security_main","token_class":"Symfony\\Component\\Security\\Core\\Authentication\\Token\\UsernamePasswordToken"} []
[2020-05-02 15:04:02] security.DEBUG: User was reloaded from a user provider. {"provider":"PrestaShopBundle\\Security\\Admin\\EmployeeProvider","username":"oscar.pech@cbtis72.edu.mx"} []
[2020-05-02 15:04:03] request.CRITICAL: Uncaught PHP Exception Doctrine\DBAL\Exception\UniqueConstraintViolationException: "An exception occurred while executing 'INSERT INTO ps_admin_filter (employee, shop, controller, action, filter, filter_id) VALUES (?, ?, ?, ?, ?, ?)' with params [1, 1, "profile", "index", "{\"limit\":10,\"orderBy\":\"id_profile\",\"sortOrder\":\"asc\",\"filters\":[]}", ""]:  SQLSTATE[23000]: Integrity constraint violation: 1062 Duplicate entry '0' for key 'PRIMARY'" at C:\xampp\htdocs\tienda\vendor\doctrine\dbal\lib\Doctrine\DBAL\Driver\AbstractMySQLDriver.php line 66 {"exception":"[object] (Doctrine\\DBAL\\Exception\\UniqueConstraintViolationException(code: 0): An exception occurred while executing 'INSERT INTO ps_admin_filter (employee, shop, controller, action, filter, filter_id) VALUES (?, ?, ?, ?, ?, ?)' with params [1, 1, \"profile\", \"index\", \"{\\\"limit\\\":10,\\\"orderBy\\\":\\\"id_profile\\\",\\\"sortOrder\\\":\\\"asc\\\",\\\"filters\\\":[]}\", \"\"]:\n\nSQLSTATE[23000]: Integrity constraint violation: 1062 Duplicate entry '0' for key 'PRIMARY' at C:\\xampp\\htdocs\\tienda\\vendor\\doctrine\\dbal\\lib\\Doctrine\\DBAL\\Driver\\AbstractMySQLDriver.php:66, Doctrine\\DBAL\\Driver\\PDOException(code: 23000): SQLSTATE[23000]: Integrity constraint violation: 1062 Duplicate entry '0' for key 'PRIMARY' at C:\\xampp\\htdocs\\tienda\\vendor\\doctrine\\dbal\\lib\\Doctrine\\DBAL\\Driver\\PDOStatement.php:107, PDOException(code: 23000): SQLSTATE[23000]: Integrity constraint violation: 1062 Duplicate entry '0' for key 'PRIMARY' at C:\\xampp\\htdocs\\tienda\\vendor\\doctrine\\dbal\\lib\\Doctrine\\DBAL\\Driver\\PDOStatement.php:105)"} []
[2020-05-02 15:04:03] security.DEBUG: Stored the security token in the session. {"key":"_security_main"} []
